<?xml version="1.0" encoding="UTF-8"?>
<coverage generated="1613172887085" clover="3.2.0">
  <project timestamp="1613172887085" name="All files">
    <metrics statements="18" coveredstatements="18" conditionals="9" coveredconditionals="9" methods="5" coveredmethods="5" elements="32" coveredelements="32" complexity="0" loc="18" ncloc="18" packages="1" files="1" classes="1"/>
    <file name="coin-counter.js" path="C:\Users\irons\Desktop\CoinCounter\src\coin-counter.js">
      <metrics statements="18" coveredstatements="18" conditionals="9" coveredconditionals="9" methods="5" coveredmethods="5"/>
      <line num="5" count="13" type="stmt"/>
      <line num="11" count="13" type="stmt"/>
      <line num="13" count="13" type="stmt"/>
      <line num="14" count="52" type="cond" truecount="2" falsecount="0"/>
      <line num="15" count="33" type="stmt"/>
      <line num="18" count="19" type="stmt"/>
      <line num="22" count="13" type="stmt"/>
      <line num="24" count="13" type="cond" truecount="2" falsecount="0"/>
      <line num="25" count="12" type="stmt"/>
      <line num="27" count="12" type="cond" truecount="2" falsecount="0"/>
      <line num="29" count="12" type="stmt"/>
      <line num="33" count="1" type="stmt"/>
      <line num="34" count="4" type="stmt"/>
      <line num="36" count="228" type="stmt"/>
      <line num="42" count="228" type="stmt"/>
      <line num="43" count="228" type="cond" truecount="2" falsecount="0"/>
      <line num="44" count="224" type="stmt"/>
      <line num="46" count="4" type="stmt"/>
    </file>
  </project>
</coverage>
