{"C:\\Users\\irons\\Desktop\\CoinCounter\\src\\coin-counter.js": {"path":"C:\\Users\\irons\\Desktop\\CoinCounter\\src\\coin-counter.js","statementMap":{"0":{"start":{"line":4,"column":4},"end":{"line":27,"column":5}},"1":{"start":{"line":5,"column":6},"end":{"line":5,"column":57}},"2":{"start":{"line":6,"column":6},"end":{"line":6,"column":50}},"3":{"start":{"line":7,"column":6},"end":{"line":7,"column":57}},"4":{"start":{"line":9,"column":9},"end":{"line":27,"column":5}},"5":{"start":{"line":10,"column":6},"end":{"line":10,"column":51}},"6":{"start":{"line":11,"column":6},"end":{"line":11,"column":44}},"7":{"start":{"line":12,"column":6},"end":{"line":12,"column":57}},"8":{"start":{"line":14,"column":9},"end":{"line":27,"column":5}},"9":{"start":{"line":15,"column":6},"end":{"line":15,"column":55}},"10":{"start":{"line":16,"column":6},"end":{"line":16,"column":48}},"11":{"start":{"line":17,"column":6},"end":{"line":17,"column":56}},"12":{"start":{"line":19,"column":9},"end":{"line":27,"column":5}},"13":{"start":{"line":20,"column":6},"end":{"line":20,"column":53}},"14":{"start":{"line":21,"column":6},"end":{"line":21,"column":46}},"15":{"start":{"line":22,"column":6},"end":{"line":22,"column":56}},"16":{"start":{"line":24,"column":9},"end":{"line":27,"column":5}},"17":{"start":{"line":25,"column":6},"end":{"line":25,"column":26}},"18":{"start":{"line":26,"column":6},"end":{"line":26,"column":21}},"19":{"start":{"line":28,"column":4},"end":{"line":28,"column":37}}},"fnMap":{"0":{"name":"(anonymous_0)","decl":{"start":{"line":3,"column":2},"end":{"line":3,"column":3}},"loc":{"start":{"line":3,"column":41},"end":{"line":29,"column":3}},"line":3}},"branchMap":{"0":{"loc":{"start":{"line":3,"column":27},"end":{"line":3,"column":39}},"type":"default-arg","locations":[{"start":{"line":3,"column":37},"end":{"line":3,"column":39}}],"line":3},"1":{"loc":{"start":{"line":4,"column":4},"end":{"line":27,"column":5}},"type":"if","locations":[{"start":{"line":4,"column":4},"end":{"line":27,"column":5}},{"start":{"line":4,"column":4},"end":{"line":27,"column":5}}],"line":4},"2":{"loc":{"start":{"line":5,"column":28},"end":{"line":5,"column":51}},"type":"binary-expr","locations":[{"start":{"line":5,"column":28},"end":{"line":5,"column":46}},{"start":{"line":5,"column":50},"end":{"line":5,"column":51}}],"line":5},"3":{"loc":{"start":{"line":9,"column":9},"end":{"line":27,"column":5}},"type":"if","locations":[{"start":{"line":9,"column":9},"end":{"line":27,"column":5}},{"start":{"line":9,"column":9},"end":{"line":27,"column":5}}],"line":9},"4":{"loc":{"start":{"line":10,"column":25},"end":{"line":10,"column":45}},"type":"binary-expr","locations":[{"start":{"line":10,"column":25},"end":{"line":10,"column":40}},{"start":{"line":10,"column":44},"end":{"line":10,"column":45}}],"line":10},"5":{"loc":{"start":{"line":14,"column":9},"end":{"line":27,"column":5}},"type":"if","locations":[{"start":{"line":14,"column":9},"end":{"line":27,"column":5}},{"start":{"line":14,"column":9},"end":{"line":27,"column":5}}],"line":14},"6":{"loc":{"start":{"line":15,"column":27},"end":{"line":15,"column":49}},"type":"binary-expr","locations":[{"start":{"line":15,"column":27},"end":{"line":15,"column":44}},{"start":{"line":15,"column":48},"end":{"line":15,"column":49}}],"line":15},"7":{"loc":{"start":{"line":19,"column":9},"end":{"line":27,"column":5}},"type":"if","locations":[{"start":{"line":19,"column":9},"end":{"line":27,"column":5}},{"start":{"line":19,"column":9},"end":{"line":27,"column":5}}],"line":19},"8":{"loc":{"start":{"line":20,"column":26},"end":{"line":20,"column":47}},"type":"binary-expr","locations":[{"start":{"line":20,"column":26},"end":{"line":20,"column":42}},{"start":{"line":20,"column":46},"end":{"line":20,"column":47}}],"line":20},"9":{"loc":{"start":{"line":24,"column":9},"end":{"line":27,"column":5}},"type":"if","locations":[{"start":{"line":24,"column":9},"end":{"line":27,"column":5}},{"start":{"line":24,"column":9},"end":{"line":27,"column":5}}],"line":24}},"s":{"0":13,"1":6,"2":6,"3":6,"4":7,"5":1,"6":1,"7":1,"8":6,"9":1,"10":1,"11":1,"12":5,"13":4,"14":4,"15":4,"16":1,"17":1,"18":1,"19":0},"f":{"0":13},"b":{"0":[1],"1":[6,7],"2":[6,1],"3":[1,6],"4":[1,1],"5":[1,5],"6":[1,1],"7":[4,1],"8":[4,1],"9":[1,0]},"_coverageSchema":"43e27e138ebf9cfc5966b082cf9a028302ed4184","hash":"ea0b56fde7ccf8a0ea0e16ef8d141fe7fed9b897"}
}
