{"C:\\Users\\irons\\Desktop\\CoinCounter\\src\\coin-counter.js": {"path":"C:\\Users\\irons\\Desktop\\CoinCounter\\src\\coin-counter.js","statementMap":{"0":{"start":{"line":5,"column":4},"end":{"line":10,"column":5}},"1":{"start":{"line":11,"column":15},"end":{"line":11,"column":29}},"2":{"start":{"line":13,"column":20},"end":{"line":20,"column":5}},"3":{"start":{"line":14,"column":6},"end":{"line":19,"column":7}},"4":{"start":{"line":15,"column":8},"end":{"line":15,"column":28}},"5":{"start":{"line":18,"column":8},"end":{"line":18,"column":27}},"6":{"start":{"line":22,"column":16},"end":{"line":22,"column":39}},"7":{"start":{"line":24,"column":4},"end":{"line":24,"column":35}},"8":{"start":{"line":24,"column":20},"end":{"line":24,"column":35}},"9":{"start":{"line":25,"column":15},"end":{"line":25,"column":32}},"10":{"start":{"line":27,"column":4},"end":{"line":27,"column":45}},"11":{"start":{"line":29,"column":4},"end":{"line":29,"column":58}},"12":{"start":{"line":33,"column":4},"end":{"line":48,"column":6}},"13":{"start":{"line":34,"column":6},"end":{"line":47,"column":17}},"14":{"start":{"line":36,"column":8},"end":{"line":41,"column":9}},"15":{"start":{"line":42,"column":20},"end":{"line":42,"column":38}},"16":{"start":{"line":43,"column":8},"end":{"line":45,"column":9}},"17":{"start":{"line":44,"column":10},"end":{"line":44,"column":55}},"18":{"start":{"line":46,"column":8},"end":{"line":46,"column":17}}},"fnMap":{"0":{"name":"(anonymous_0)","decl":{"start":{"line":3,"column":2},"end":{"line":3,"column":3}},"loc":{"start":{"line":3,"column":41},"end":{"line":30,"column":3}},"line":3},"1":{"name":"(anonymous_1)","decl":{"start":{"line":13,"column":20},"end":{"line":13,"column":21}},"loc":{"start":{"line":13,"column":57},"end":{"line":20,"column":5}},"line":13},"2":{"name":"(anonymous_2)","decl":{"start":{"line":32,"column":2},"end":{"line":32,"column":3}},"loc":{"start":{"line":32,"column":24},"end":{"line":49,"column":3}},"line":32},"3":{"name":"(anonymous_3)","decl":{"start":{"line":33,"column":11},"end":{"line":33,"column":12}},"loc":{"start":{"line":33,"column":29},"end":{"line":48,"column":5}},"line":33},"4":{"name":"recursiveCounter2","decl":{"start":{"line":34,"column":23},"end":{"line":34,"column":40}},"loc":{"start":{"line":34,"column":49},"end":{"line":47,"column":7}},"line":34}},"branchMap":{"0":{"loc":{"start":{"line":3,"column":27},"end":{"line":3,"column":39}},"type":"default-arg","locations":[{"start":{"line":3,"column":37},"end":{"line":3,"column":39}}],"line":3},"1":{"loc":{"start":{"line":14,"column":6},"end":{"line":19,"column":7}},"type":"if","locations":[{"start":{"line":14,"column":6},"end":{"line":19,"column":7}},{"start":{"line":14,"column":6},"end":{"line":19,"column":7}}],"line":14},"2":{"loc":{"start":{"line":24,"column":4},"end":{"line":24,"column":35}},"type":"if","locations":[{"start":{"line":24,"column":4},"end":{"line":24,"column":35}},{"start":{"line":24,"column":4},"end":{"line":24,"column":35}}],"line":24},"3":{"loc":{"start":{"line":27,"column":21},"end":{"line":27,"column":39}},"type":"binary-expr","locations":[{"start":{"line":27,"column":21},"end":{"line":27,"column":34}},{"start":{"line":27,"column":38},"end":{"line":27,"column":39}}],"line":27},"4":{"loc":{"start":{"line":43,"column":8},"end":{"line":45,"column":9}},"type":"if","locations":[{"start":{"line":43,"column":8},"end":{"line":45,"column":9}},{"start":{"line":43,"column":8},"end":{"line":45,"column":9}}],"line":43}},"s":{"0":13,"1":13,"2":13,"3":52,"4":33,"5":19,"6":13,"7":13,"8":1,"9":12,"10":12,"11":12,"12":1,"13":4,"14":228,"15":228,"16":228,"17":224,"18":4},"f":{"0":13,"1":52,"2":1,"3":4,"4":228},"b":{"0":[1],"1":[33,19],"2":[1,12],"3":[12,4],"4":[224,4]},"_coverageSchema":"43e27e138ebf9cfc5966b082cf9a028302ed4184","hash":"e6dcd7c822ccb781032a9e67d9de0b554872e7c5"}
}
