TN:
SF:C:\Users\irons\Desktop\CoinCounter\src\coin-counter.js
FN:3,(anonymous_0)
FN:13,(anonymous_1)
FN:32,(anonymous_2)
FN:33,(anonymous_3)
FN:34,recursiveCounter2
FNF:5
FNH:5
FNDA:13,(anonymous_0)
FNDA:52,(anonymous_1)
FNDA:1,(anonymous_2)
FNDA:4,(anonymous_3)
FNDA:228,recursiveCounter2
DA:5,13
DA:11,13
DA:13,13
DA:14,52
DA:15,33
DA:18,19
DA:22,13
DA:24,13
DA:25,12
DA:27,12
DA:29,12
DA:33,1
DA:34,4
DA:36,228
DA:42,228
DA:43,228
DA:44,224
DA:46,4
LF:18
LH:18
BRDA:3,0,0,1
BRDA:14,1,0,33
BRDA:14,1,1,19
BRDA:24,2,0,1
BRDA:24,2,1,12
BRDA:27,3,0,12
BRDA:27,3,1,4
BRDA:43,4,0,224
BRDA:43,4,1,4
BRF:9
BRH:9
end_of_record
