TN:
SF:C:\Users\irons\Desktop\CoinCounter\src\coin-counter.js
FN:3,(anonymous_0)
FNF:1
FNH:1
FNDA:13,(anonymous_0)
DA:4,13
DA:5,6
DA:6,6
DA:7,6
DA:9,7
DA:10,1
DA:11,1
DA:12,1
DA:14,6
DA:15,1
DA:16,1
DA:17,1
DA:19,5
DA:20,4
DA:21,4
DA:22,4
DA:24,1
DA:25,1
DA:26,1
DA:28,0
LF:20
LH:19
BRDA:3,0,0,1
BRDA:4,1,0,6
BRDA:4,1,1,7
BRDA:5,2,0,6
BRDA:5,2,1,1
BRDA:9,3,0,1
BRDA:9,3,1,6
BRDA:10,4,0,1
BRDA:10,4,1,1
BRDA:14,5,0,1
BRDA:14,5,1,5
BRDA:15,6,0,1
BRDA:15,6,1,1
BRDA:19,7,0,4
BRDA:19,7,1,1
BRDA:20,8,0,4
BRDA:20,8,1,1
BRDA:24,9,0,1
BRDA:24,9,1,0
BRF:19
BRH:18
end_of_record
